0 info it worked if it ends with ok
1 verbose cli [ 'C:\\Program Files\\nodejs\\node.exe',
1 verbose cli   'C:\\Program Files\\nodejs\\node_modules\\npm\\bin\\npm-cli.js',
1 verbose cli   'run',
1 verbose cli   'update-deps' ]
2 info using npm@3.10.8
3 info using node@v6.9.1
4 verbose run-script [ 'preupdate-deps', 'update-deps', 'postupdate-deps' ]
5 info lifecycle angular-seed@0.0.0~preupdate-deps: angular-seed@0.0.0
6 silly lifecycle angular-seed@0.0.0~preupdate-deps: no script for preupdate-deps, continuing
7 info lifecycle angular-seed@0.0.0~update-deps: angular-seed@0.0.0
8 verbose lifecycle angular-seed@0.0.0~update-deps: unsafe-perm in lifecycle true
9 verbose lifecycle angular-seed@0.0.0~update-deps: PATH: C:\Program Files\nodejs\node_modules\npm\bin\node-gyp-bin;D:\Documents\SENG 521\OnboardTracking521\webserver\node_modules\.bin;C:\Users\Sven\bin;C:\Program Files\Git\mingw64\bin;C:\Program Files\Git\usr\local\bin;C:\Program Files\Git\usr\bin;C:\Program Files\Git\usr\bin;C:\Program Files\Git\mingw64\bin;C:\Program Files\Git\usr\bin;C:\Users\Sven\bin;C:\ProgramData\Oracle\Java\javapath;C:\Program Files (x86)\Intel\iCLS Client;C:\Program Files\Intel\iCLS Client;C:\Windows\system32;C:\Windows;C:\Windows\System32\Wbem;C:\Windows\System32\WindowsPowerShell\v1.0;C:\Program Files\Intel\Intel(R) Management Engine Components\DAL;C:\Program Files (x86)\Intel\Intel(R) Management Engine Components\DAL;C:\Program Files\Intel\Intel(R) Management Engine Components\IPT;C:\Program Files (x86)\Intel\Intel(R) Management Engine Components\IPT;%JAVA_HOME\bin;C:\Program Files\Common Files\Autodesk Shared;C:\Program Files (x86)\NVIDIA Corporation\PhysX\Common;C:\WINDOWS\system32;C:\WINDOWS;C:\WINDOWS\System32\Wbem;C:\WINDOWS\System32\WindowsPowerShell\v1.0;C:\Program Files\Git\cmd;C:\Program Files (x86)\Skype\Phone;C:\Program Files (x86)\GtkSharp\2.12\bin;C:\Program Files (x86)\Windows Kits\10\Windows Performance Toolkit;C:\Program Files\nodejs;%JAVA_HOME\lib;C:\Users\Sven\AppData\Local\Programs\Python\Python35-32\Scripts;C:\Users\Sven\AppData\Local\Programs\Python\Python35-32;C:\Users\Sven\AppData\Local\Microsoft\WindowsApps;C:\Users\Sven\AppData\Roaming\npm;C:\Program Files\Git\usr\bin\vendor_perl;C:\Program Files\Git\usr\bin\core_perl
10 verbose lifecycle angular-seed@0.0.0~update-deps: CWD: D:\Documents\SENG 521\OnboardTracking521\webserver
11 silly lifecycle angular-seed@0.0.0~update-deps: Args: [ '/d /s /c', 'npm update' ]
12 silly lifecycle angular-seed@0.0.0~update-deps: Returned: code: 0  signal: null
13 info lifecycle angular-seed@0.0.0~postupdate-deps: angular-seed@0.0.0
14 verbose lifecycle angular-seed@0.0.0~postupdate-deps: unsafe-perm in lifecycle true
15 verbose lifecycle angular-seed@0.0.0~postupdate-deps: PATH: C:\Program Files\nodejs\node_modules\npm\bin\node-gyp-bin;D:\Documents\SENG 521\OnboardTracking521\webserver\node_modules\.bin;C:\Users\Sven\bin;C:\Program Files\Git\mingw64\bin;C:\Program Files\Git\usr\local\bin;C:\Program Files\Git\usr\bin;C:\Program Files\Git\usr\bin;C:\Program Files\Git\mingw64\bin;C:\Program Files\Git\usr\bin;C:\Users\Sven\bin;C:\ProgramData\Oracle\Java\javapath;C:\Program Files (x86)\Intel\iCLS Client;C:\Program Files\Intel\iCLS Client;C:\Windows\system32;C:\Windows;C:\Windows\System32\Wbem;C:\Windows\System32\WindowsPowerShell\v1.0;C:\Program Files\Intel\Intel(R) Management Engine Components\DAL;C:\Program Files (x86)\Intel\Intel(R) Management Engine Components\DAL;C:\Program Files\Intel\Intel(R) Management Engine Components\IPT;C:\Program Files (x86)\Intel\Intel(R) Management Engine Components\IPT;%JAVA_HOME\bin;C:\Program Files\Common Files\Autodesk Shared;C:\Program Files (x86)\NVIDIA Corporation\PhysX\Common;C:\WINDOWS\system32;C:\WINDOWS;C:\WINDOWS\System32\Wbem;C:\WINDOWS\System32\WindowsPowerShell\v1.0;C:\Program Files\Git\cmd;C:\Program Files (x86)\Skype\Phone;C:\Program Files (x86)\GtkSharp\2.12\bin;C:\Program Files (x86)\Windows Kits\10\Windows Performance Toolkit;C:\Program Files\nodejs;%JAVA_HOME\lib;C:\Users\Sven\AppData\Local\Programs\Python\Python35-32\Scripts;C:\Users\Sven\AppData\Local\Programs\Python\Python35-32;C:\Users\Sven\AppData\Local\Microsoft\WindowsApps;C:\Users\Sven\AppData\Roaming\npm;C:\Program Files\Git\usr\bin\vendor_perl;C:\Program Files\Git\usr\bin\core_perl
16 verbose lifecycle angular-seed@0.0.0~postupdate-deps: CWD: D:\Documents\SENG 521\OnboardTracking521\webserver
17 silly lifecycle angular-seed@0.0.0~postupdate-deps: Args: [ '/d /s /c', 'bower update' ]
18 silly lifecycle angular-seed@0.0.0~postupdate-deps: Returned: code: 1  signal: null
19 info lifecycle angular-seed@0.0.0~postupdate-deps: Failed to exec postupdate-deps script
20 verbose stack Error: angular-seed@0.0.0 postupdate-deps: `bower update`
20 verbose stack Exit status 1
20 verbose stack     at EventEmitter.<anonymous> (C:\Program Files\nodejs\node_modules\npm\lib\utils\lifecycle.js:255:16)
20 verbose stack     at emitTwo (events.js:106:13)
20 verbose stack     at EventEmitter.emit (events.js:191:7)
20 verbose stack     at ChildProcess.<anonymous> (C:\Program Files\nodejs\node_modules\npm\lib\utils\spawn.js:40:14)
20 verbose stack     at emitTwo (events.js:106:13)
20 verbose stack     at ChildProcess.emit (events.js:191:7)
20 verbose stack     at maybeClose (internal/child_process.js:877:16)
20 verbose stack     at Process.ChildProcess._handle.onexit (internal/child_process.js:226:5)
21 verbose pkgid angular-seed@0.0.0
22 verbose cwd D:\Documents\SENG 521\OnboardTracking521\webserver
23 error Windows_NT 10.0.14393
24 error argv "C:\\Program Files\\nodejs\\node.exe" "C:\\Program Files\\nodejs\\node_modules\\npm\\bin\\npm-cli.js" "run" "update-deps"
25 error node v6.9.1
26 error npm  v3.10.8
27 error code ELIFECYCLE
28 error angular-seed@0.0.0 postupdate-deps: `bower update`
28 error Exit status 1
29 error Failed at the angular-seed@0.0.0 postupdate-deps script 'bower update'.
29 error Make sure you have the latest version of node.js and npm installed.
29 error If you do, this is most likely a problem with the angular-seed package,
29 error not with npm itself.
29 error Tell the author that this fails on your system:
29 error     bower update
29 error You can get information on how to open an issue for this project with:
29 error     npm bugs angular-seed
29 error Or if that isn't available, you can get their info via:
29 error     npm owner ls angular-seed
29 error There is likely additional logging output above.
30 verbose exit [ 1, true ]
